Command: FastTree -quiet -gtr -nt -log /tmp/tmpfz_N31/mmox_sequences_for_graftm.tre.log -out /tmp/tmpfz_N31/mmox_sequences_for_graftm.tre /tmp/tmpfz_N31/mmox_sequences_for_graftm_deduplicated_aligned.fasta
FastTree Version 2.1.10 SSE3
Alignment: /tmp/tmpfz_N31/mmox_sequences_for_graftm_deduplicated_aligned.fasta
Nucleotide distances: Jukes-Cantor Joins: balanced Support: SH-like 1000
Search: Normal +NNI +SPR (2 rounds range 10) +ML-NNI opt-each=1
TopHits: 1.00*sqrtN close=default refresh=0.80
ML Model: Generalized Time-Reversible, CAT approximation with 20 rate categories
Read 18 sequences, 1223 positions
NJ	(HE798550:0.06909,(AJ868418:0.04166,AJ458528:0.03127):0.01538,(DQ664498:0.05724,(AM283545:0.06853,(LT934199:0.11453,(((AB983338:0.06436,(M90050:0.01310,FR726170:-0.00721):0.06258):0.01791,(AB900160:0.08115,((DQ295843:-0.00217,AB253366:0.01679):0.09002,(DQ008382:0.07315,AB501286:0.07240):0.03048):0.03037):0.00427):0.03087,(ODS00093:0.07637,(FR686347:0.08084,(AJ555245:0.07184,AJ491848:0.05094):0.01127):0.01210):0.01225):0.02408):0.01879):0.00179):0.00070);
ME_NNI1	(HE798550:0.06909,(AJ868418:0.04166,AJ458528:0.03127):0.01538,(DQ664498:0.05724,(AM283545:0.06853,(LT934199:0.11453,(((AB983338:0.06436,(M90050:0.01310,FR726170:-0.00721):0.06258):0.01791,(AB900160:0.08115,((DQ295843:-0.00217,AB253366:0.01679):0.09002,(DQ008382:0.07315,AB501286:0.07240):0.03048):0.03037):0.00427):0.03087,(ODS00093:0.07637,(FR686347:0.08084,(AJ555245:0.07184,AJ491848:0.05094):0.01127):0.01210):0.01225):0.02408):0.01879):0.00179):0.00070);
Min_evolution NNIs converged at round 1 -- skipping some rounds
ME_SPR1	(HE798550:0.06909,(AJ868418:0.04166,AJ458528:0.03127):0.01538,(DQ664498:0.05724,(AM283545:0.06853,(LT934199:0.11453,(((AB983338:0.06436,(M90050:0.01310,FR726170:-0.00721):0.06258):0.01791,(AB900160:0.08115,((DQ295843:-0.00217,AB253366:0.01679):0.09002,(DQ008382:0.07315,AB501286:0.07240):0.03048):0.03037):0.00427):0.03087,(ODS00093:0.07637,(FR686347:0.08084,(AJ555245:0.07184,AJ491848:0.05094):0.01127):0.01210):0.01225):0.02408):0.01879):0.00179):0.00070);
ME_NNI6	(HE798550:0.06909,(AJ868418:0.04166,AJ458528:0.03127):0.01538,(DQ664498:0.05724,(AM283545:0.06853,(LT934199:0.11453,(((AB983338:0.06436,(M90050:0.01310,FR726170:-0.00721):0.06258):0.01791,(AB900160:0.08115,((DQ295843:-0.00217,AB253366:0.01679):0.09002,(DQ008382:0.07315,AB501286:0.07240):0.03048):0.03037):0.00427):0.03087,(ODS00093:0.07637,(FR686347:0.08084,(AJ555245:0.07184,AJ491848:0.05094):0.01127):0.01210):0.01225):0.02408):0.01879):0.00179):0.00070);
Min_evolution NNIs converged at round 6 -- skipping some rounds
ME_SPR2	(HE798550:0.06909,(AJ868418:0.04166,AJ458528:0.03127):0.01538,(DQ664498:0.05724,(AM283545:0.06853,(LT934199:0.11453,(((AB983338:0.06436,(M90050:0.01310,FR726170:-0.00721):0.06258):0.01791,(AB900160:0.08115,((DQ295843:-0.00217,AB253366:0.01679):0.09002,(DQ008382:0.07315,AB501286:0.07240):0.03048):0.03037):0.00427):0.03087,(ODS00093:0.07637,(FR686347:0.08084,(AJ555245:0.07184,AJ491848:0.05094):0.01127):0.01210):0.01225):0.02408):0.01879):0.00179):0.00070);
ME_NNI11	(HE798550:0.06909,(AJ868418:0.04166,AJ458528:0.03127):0.01538,(DQ664498:0.05724,(AM283545:0.06853,(LT934199:0.11453,(((AB983338:0.06436,(M90050:0.01310,FR726170:-0.00721):0.06258):0.01791,(AB900160:0.08115,((DQ295843:-0.00217,AB253366:0.01679):0.09002,(DQ008382:0.07315,AB501286:0.07240):0.03048):0.03037):0.00427):0.03087,(ODS00093:0.07637,(FR686347:0.08084,(AJ555245:0.07184,AJ491848:0.05094):0.01127):0.01210):0.01225):0.02408):0.01879):0.00179):0.00070);
Min_evolution NNIs converged at round 11 -- skipping some rounds
ME_Lengths	(HE798550:0.07661,(AJ868418:0.04376,AJ458528:0.03297):0.01702,(DQ664498:0.06234,(AM283545:0.07721,(LT934199:0.13355,(((AB983338:0.07491,(M90050:0.01066,FR726170:-0.00474):0.06418):0.02479,(AB900160:0.08739,((DQ295843:0.00009,AB253366:0.01468):0.10521,(DQ008382:0.07202,AB501286:0.08979):0.03803):0.04451):0.00553):0.03551,(ODS00093:0.08480,(FR686347:0.09089,(AJ555245:0.07804,AJ491848:0.05604):0.01389):0.01611):0.02112):0.03988):0.01828):0.00601):0.00271);
Total branch-length 1.543 after 0.08 sec
ML_Lengths1	(HE798550:0.08217,(AJ868418:0.04433,AJ458528:0.03131):0.02071,(DQ664498:0.06745,(AM283545:0.09190,(LT934199:0.16618,(((AB983338:0.08116,(M90050:0.00167,FR726170:0.00431):0.05345):0.04575,(AB900160:0.06190,((DQ295843:0.00580,AB253366:0.00887):0.11944,(DQ008382:0.07143,AB501286:0.09064):0.06515):0.07802):0.02712):0.07103,(ODS00093:0.08225,(FR686347:0.09234,(AJ555245:0.08184,AJ491848:0.05256):0.02940):0.03246):0.02975):0.06814):0.01514):0.00943):0.01126);
ML_NNI1	((DQ664498:0.06133,(LT934199:0.15953,AM283545:0.06967):0.02988):0.01609,(AJ868418:0.04586,AJ458528:0.02957):0.01885,((((AB983338:0.08167,(M90050:0.00156,FR726170:0.00415):0.05105):0.04798,(AB900160:0.06360,((DQ295843:0.00617,AB253366:0.00895):0.11662,(DQ008382:0.07107,AB501286:0.09155):0.06667):0.07652):0.02575):0.07168,(ODS00093:0.08289,(FR686347:0.09201,(AJ555245:0.08211,AJ491848:0.05212):0.02957):0.03220):0.02940):0.07397,HE798550:0.07223):0.01577);
TreeLogLk	ML_NNI1	-10429.2993	MaxChange	10.5965
GTR_Opt	freq 0.21812 0.28791 0.29134 0.20262 rates 0.50000 1.00000 1.00000 1.00000 1.00000 1.00000
GTR_Opt	GTR LogLk(0.50000 1.00000 1.00000 1.00000 1.00000 1.00000) = -10365.671465
GTR_Opt	freq 0.21812 0.28791 0.29134 0.20262 rates 1.00000 1.00000 1.00000 1.00000 1.00000 1.00000
GTR_Opt	GTR LogLk(1.00000 1.00000 1.00000 1.00000 1.00000 1.00000) = -10430.839202
GTR_Opt	freq 0.21812 0.28791 0.29134 0.20262 rates 2.00000 1.00000 1.00000 1.00000 1.00000 1.00000
GTR_Opt	GTR LogLk(2.00000 1.00000 1.00000 1.00000 1.00000 1.00000) = -10610.676673
GTR_Opt	freq 0.21812 0.28791 0.29134 0.20262 rates 0.27500 1.00000 1.00000 1.00000 1.00000 1.00000
GTR_Opt	GTR LogLk(0.27500 1.00000 1.00000 1.00000 1.00000 1.00000) = -10363.942009
GTR_Opt	freq 0.21812 0.28791 0.29134 0.20262 rates 0.16250 1.00000 1.00000 1.00000 1.00000 1.00000
GTR_Opt	GTR LogLk(0.16250 1.00000 1.00000 1.00000 1.00000 1.00000) = -10384.390595
GTR_Opt	freq 0.21812 0.28791 0.29134 0.20262 rates 0.10625 1.00000 1.00000 1.00000 1.00000 1.00000
GTR_Opt	GTR LogLk(0.10625 1.00000 1.00000 1.00000 1.00000 1.00000) = -10407.889002
GTR_Opt	freq 0.21812 0.28791 0.29134 0.20262 rates 0.05000 1.00000 1.00000 1.00000 1.00000 1.00000
GTR_Opt	GTR LogLk(0.05000 1.00000 1.00000 1.00000 1.00000 1.00000) = -10452.153608
GTR_Opt	freq 0.21812 0.28791 0.29134 0.20262 rates 1.38197 1.00000 1.00000 1.00000 1.00000 1.00000
GTR_Opt	GTR LogLk(1.38197 1.00000 1.00000 1.00000 1.00000 1.00000) = -10497.181419
GTR_Opt	freq 0.21812 0.28791 0.29134 0.20262 rates 0.60119 1.00000 1.00000 1.00000 1.00000 1.00000
GTR_Opt	GTR LogLk(0.60119 1.00000 1.00000 1.00000 1.00000 1.00000) = -10374.770213
GTR_Opt	freq 0.21812 0.28791 0.29134 0.20262 rates 0.56293 1.00000 1.00000 1.00000 1.00000 1.00000
GTR_Opt	GTR LogLk(0.56293 1.00000 1.00000 1.00000 1.00000 1.00000) = -10370.946966
GTR_Opt	freq 0.21812 0.28791 0.29134 0.20262 rates 0.36701 1.00000 1.00000 1.00000 1.00000 1.00000
GTR_Opt	GTR LogLk(0.36701 1.00000 1.00000 1.00000 1.00000 1.00000) = -10360.318745
GTR_Opt	freq 0.21812 0.28791 0.29134 0.20262 rates 0.32592 1.00000 1.00000 1.00000 1.00000 1.00000
GTR_Opt	GTR LogLk(0.32592 1.00000 1.00000 1.00000 1.00000 1.00000) = -10360.952679
GTR_Opt	freq 0.21812 0.28791 0.29134 0.20262 rates 0.37271 1.00000 1.00000 1.00000 1.00000 1.00000
GTR_Opt	GTR LogLk(0.37271 1.00000 1.00000 1.00000 1.00000 1.00000) = -10360.334810
GTR_Opt	freq 0.21812 0.28791 0.29134 0.20262 rates 0.36624 1.00000 1.00000 1.00000 1.00000 1.00000
GTR_Opt	GTR LogLk(0.36624 1.00000 1.00000 1.00000 1.00000 1.00000) = -10360.318226
GTR_Opt	freq 0.21812 0.28791 0.29134 0.20262 rates 0.36560 1.00000 1.00000 1.00000 1.00000 1.00000
GTR_Opt	GTR LogLk(0.36560 1.00000 1.00000 1.00000 1.00000 1.00000) = -10360.318348
GTR_Opt	freq 0.21812 0.28791 0.29134 0.20262 rates 0.36661 1.00000 1.00000 1.00000 1.00000 1.00000
GTR_Opt	GTR LogLk(0.36661 1.00000 1.00000 1.00000 1.00000 1.00000) = -10360.318509
GTR_Opt	freq 0.21812 0.28791 0.29134 0.20262 rates 0.36624 0.50000 1.00000 1.00000 1.00000 1.00000
GTR_Opt	GTR LogLk(0.36624 0.50000 1.00000 1.00000 1.00000 1.00000) = -10401.323204
GTR_Opt	freq 0.21812 0.28791 0.29134 0.20262 rates 0.36624 1.00000 1.00000 1.00000 1.00000 1.00000
GTR_Opt	GTR LogLk(0.36624 1.00000 1.00000 1.00000 1.00000 1.00000) = -10360.318226
GTR_Opt	freq 0.21812 0.28791 0.29134 0.20262 rates 0.36624 2.00000 1.00000 1.00000 1.00000 1.00000
GTR_Opt	GTR LogLk(0.36624 2.00000 1.00000 1.00000 1.00000 1.00000) = -10445.541574
GTR_Opt	freq 0.21812 0.28791 0.29134 0.20262 rates 0.36624 1.38197 1.00000 1.00000 1.00000 1.00000
GTR_Opt	GTR LogLk(0.36624 1.38197 1.00000 1.00000 1.00000 1.00000) = -10380.963236
GTR_Opt	freq 0.21812 0.28791 0.29134 0.20262 rates 0.36624 1.01580 1.00000 1.00000 1.00000 1.00000
GTR_Opt	GTR LogLk(0.36624 1.01580 1.00000 1.00000 1.00000 1.00000) = -10360.638267
GTR_Opt	freq 0.21812 0.28791 0.29134 0.20262 rates 0.36624 0.89820 1.00000 1.00000 1.00000 1.00000
GTR_Opt	GTR LogLk(0.36624 0.89820 1.00000 1.00000 1.00000 1.00000) = -10359.828000
GTR_Opt	freq 0.21812 0.28791 0.29134 0.20262 rates 0.36624 0.74610 1.00000 1.00000 1.00000 1.00000
GTR_Opt	GTR LogLk(0.36624 0.74610 1.00000 1.00000 1.00000 1.00000) = -10365.494538
GTR_Opt	freq 0.21812 0.28791 0.29134 0.20262 rates 0.36624 0.93076 1.00000 1.00000 1.00000 1.00000
GTR_Opt	GTR LogLk(0.36624 0.93076 1.00000 1.00000 1.00000 1.00000) = -10359.668334
GTR_Opt	freq 0.21812 0.28791 0.29134 0.20262 rates 0.36624 0.93195 1.00000 1.00000 1.00000 1.00000
GTR_Opt	GTR LogLk(0.36624 0.93195 1.00000 1.00000 1.00000 1.00000) = -10359.668350
GTR_Opt	freq 0.21812 0.28791 0.29134 0.20262 rates 0.36624 0.92982 1.00000 1.00000 1.00000 1.00000
GTR_Opt	GTR LogLk(0.36624 0.92982 1.00000 1.00000 1.00000 1.00000) = -10359.668488
GTR_Opt	freq 0.21812 0.28791 0.29134 0.20262 rates 0.36624 0.93076 0.50000 1.00000 1.00000 1.00000
GTR_Opt	GTR LogLk(0.36624 0.93076 0.50000 1.00000 1.00000 1.00000) = -10294.983496
GTR_Opt	freq 0.21812 0.28791 0.29134 0.20262 rates 0.36624 0.93076 1.00000 1.00000 1.00000 1.00000
GTR_Opt	GTR LogLk(0.36624 0.93076 1.00000 1.00000 1.00000 1.00000) = -10359.668334
GTR_Opt	freq 0.21812 0.28791 0.29134 0.20262 rates 0.36624 0.93076 2.00000 1.00000 1.00000 1.00000
GTR_Opt	GTR LogLk(0.36624 0.93076 2.00000 1.00000 1.00000 1.00000) = -10519.376528
GTR_Opt	freq 0.21812 0.28791 0.29134 0.20262 rates 0.36624 0.93076 0.27500 1.00000 1.00000 1.00000
GTR_Opt	GTR LogLk(0.36624 0.93076 0.27500 1.00000 1.00000 1.00000) = -10283.239770
GTR_Opt	freq 0.21812 0.28791 0.29134 0.20262 rates 0.36624 0.93076 0.16250 1.00000 1.00000 1.00000
GTR_Opt	GTR LogLk(0.36624 0.93076 0.16250 1.00000 1.00000 1.00000) = -10290.905162
GTR_Opt	freq 0.21812 0.28791 0.29134 0.20262 rates 0.36624 0.93076 0.10625 1.00000 1.00000 1.00000
GTR_Opt	GTR LogLk(0.36624 0.93076 0.10625 1.00000 1.00000 1.00000) = -10303.321716
GTR_Opt	freq 0.21812 0.28791 0.29134 0.20262 rates 0.36624 0.93076 0.05000 1.00000 1.00000 1.00000
GTR_Opt	GTR LogLk(0.36624 0.93076 0.05000 1.00000 1.00000 1.00000) = -10329.681743
GTR_Opt	freq 0.21812 0.28791 0.29134 0.20262 rates 0.36624 0.93076 1.38197 1.00000 1.00000 1.00000
GTR_Opt	GTR LogLk(0.36624 0.93076 1.38197 1.00000 1.00000 1.00000) = -10419.362867
GTR_Opt	freq 0.21812 0.28791 0.29134 0.20262 rates 0.36624 0.93076 0.63713 1.00000 1.00000 1.00000
GTR_Opt	GTR LogLk(0.36624 0.93076 0.63713 1.00000 1.00000 1.00000) = -10309.699199
GTR_Opt	freq 0.21812 0.28791 0.29134 0.20262 rates 0.36624 0.93076 0.43770 1.00000 1.00000 1.00000
GTR_Opt	GTR LogLk(0.36624 0.93076 0.43770 1.00000 1.00000 1.00000) = -10289.715741
GTR_Opt	freq 0.21812 0.28791 0.29134 0.20262 rates 0.36624 0.93076 0.28961 1.00000 1.00000 1.00000
GTR_Opt	GTR LogLk(0.36624 0.93076 0.28961 1.00000 1.00000 1.00000) = -10283.205720
GTR_Opt	freq 0.21812 0.28791 0.29134 0.20262 rates 0.36624 0.93076 0.22783 1.00000 1.00000 1.00000
GTR_Opt	GTR LogLk(0.36624 0.93076 0.22783 1.00000 1.00000 1.00000) = -10284.602066
GTR_Opt	freq 0.21812 0.28791 0.29134 0.20262 rates 0.36624 0.93076 0.29435 1.00000 1.00000 1.00000
GTR_Opt	GTR LogLk(0.36624 0.93076 0.29435 1.00000 1.00000 1.00000) = -10283.229104
GTR_Opt	freq 0.21812 0.28791 0.29134 0.20262 rates 0.36624 0.93076 0.28602 1.00000 1.00000 1.00000
GTR_Opt	GTR LogLk(0.36624 0.93076 0.28602 1.00000 1.00000 1.00000) = -10283.199685
GTR_Opt	freq 0.21812 0.28791 0.29134 0.20262 rates 0.36624 0.93076 0.28566 1.00000 1.00000 1.00000
GTR_Opt	GTR LogLk(0.36624 0.93076 0.28566 1.00000 1.00000 1.00000) = -10283.199216
GTR_Opt	freq 0.21812 0.28791 0.29134 0.20262 rates 0.36624 0.93076 0.26357 1.00000 1.00000 1.00000
GTR_Opt	GTR LogLk(0.36624 0.93076 0.26357 1.00000 1.00000 1.00000) = -10283.383600
GTR_Opt	freq 0.21812 0.28791 0.29134 0.20262 rates 0.36624 0.93076 0.27943 1.00000 1.00000 1.00000
GTR_Opt	GTR LogLk(0.36624 0.93076 0.27943 1.00000 1.00000 1.00000) = -10283.212585
GTR_Opt	freq 0.21812 0.28791 0.29134 0.20262 rates 0.36624 0.93076 0.28328 1.00000 1.00000 1.00000
GTR_Opt	GTR LogLk(0.36624 0.93076 0.28328 1.00000 1.00000 1.00000) = -10283.200992
GTR_Opt	freq 0.21812 0.28791 0.29134 0.20262 rates 0.36624 0.93076 0.28497 1.00000 1.00000 1.00000
GTR_Opt	GTR LogLk(0.36624 0.93076 0.28497 1.00000 1.00000 1.00000) = -10283.199301
GTR_Opt	freq 0.21812 0.28791 0.29134 0.20262 rates 0.36624 0.93076 0.28537 1.00000 1.00000 1.00000
GTR_Opt	GTR LogLk(0.36624 0.93076 0.28537 1.00000 1.00000 1.00000) = -10283.199539
GTR_Opt	freq 0.21812 0.28791 0.29134 0.20262 rates 0.36624 0.93076 0.28566 0.50000 1.00000 1.00000
GTR_Opt	GTR LogLk(0.36624 0.93076 0.28566 0.50000 1.00000 1.00000) = -10322.621300
GTR_Opt	freq 0.21812 0.28791 0.29134 0.20262 rates 0.36624 0.93076 0.28566 1.00000 1.00000 1.00000
GTR_Opt	GTR LogLk(0.36624 0.93076 0.28566 1.00000 1.00000 1.00000) = -10283.199216
GTR_Opt	freq 0.21812 0.28791 0.29134 0.20262 rates 0.36624 0.93076 0.28566 2.00000 1.00000 1.00000
GTR_Opt	GTR LogLk(0.36624 0.93076 0.28566 2.00000 1.00000 1.00000) = -10403.353522
GTR_Opt	freq 0.21812 0.28791 0.29134 0.20262 rates 0.36624 0.93076 0.28566 1.38197 1.00000 1.00000
GTR_Opt	GTR LogLk(0.36624 0.93076 0.28566 1.38197 1.00000 1.00000) = -10316.289476
GTR_Opt	freq 0.21812 0.28791 0.29134 0.20262 rates 0.36624 0.93076 0.28566 0.96012 1.00000 1.00000
GTR_Opt	GTR LogLk(0.36624 0.93076 0.28566 0.96012 1.00000 1.00000) = -10281.633664
GTR_Opt	freq 0.21812 0.28791 0.29134 0.20262 rates 0.36624 0.93076 0.28566 0.80532 1.00000 1.00000
GTR_Opt	GTR LogLk(0.36624 0.93076 0.28566 0.80532 1.00000 1.00000) = -10280.977287
GTR_Opt	freq 0.21812 0.28791 0.29134 0.20262 rates 0.36624 0.93076 0.28566 0.68870 1.00000 1.00000
GTR_Opt	GTR LogLk(0.36624 0.93076 0.28566 0.68870 1.00000 1.00000) = -10288.160333
GTR_Opt	freq 0.21812 0.28791 0.29134 0.20262 rates 0.36624 0.93076 0.28566 0.87093 1.00000 1.00000
GTR_Opt	GTR LogLk(0.36624 0.93076 0.28566 0.87093 1.00000 1.00000) = -10280.075275
GTR_Opt	freq 0.21812 0.28791 0.29134 0.20262 rates 0.36624 0.93076 0.28566 0.87220 1.00000 1.00000
GTR_Opt	GTR LogLk(0.36624 0.93076 0.28566 0.87220 1.00000 1.00000) = -10280.076305
GTR_Opt	freq 0.21812 0.28791 0.29134 0.20262 rates 0.36624 0.93076 0.28566 0.86971 1.00000 1.00000
GTR_Opt	GTR LogLk(0.36624 0.93076 0.28566 0.86971 1.00000 1.00000) = -10280.075185
GTR_Opt	freq 0.21812 0.28791 0.29134 0.20262 rates 0.36624 0.93076 0.28566 0.86884 1.00000 1.00000
GTR_Opt	GTR LogLk(0.36624 0.93076 0.28566 0.86884 1.00000 1.00000) = -10280.074632
GTR_Opt	freq 0.21812 0.28791 0.29134 0.20262 rates 0.36624 0.93076 0.28566 0.84458 1.00000 1.00000
GTR_Opt	GTR LogLk(0.36624 0.93076 0.28566 0.84458 1.00000 1.00000) = -10280.206064
GTR_Opt	freq 0.21812 0.28791 0.29134 0.20262 rates 0.36624 0.93076 0.28566 0.85957 1.00000 1.00000
GTR_Opt	GTR LogLk(0.36624 0.93076 0.28566 0.85957 1.00000 1.00000) = -10280.095164
GTR_Opt	freq 0.21812 0.28791 0.29134 0.20262 rates 0.36624 0.93076 0.28566 0.86530 1.00000 1.00000
GTR_Opt	GTR LogLk(0.36624 0.93076 0.28566 0.86530 1.00000 1.00000) = -10280.078373
GTR_Opt	freq 0.21812 0.28791 0.29134 0.20262 rates 0.36624 0.93076 0.28566 0.86749 1.00000 1.00000
GTR_Opt	GTR LogLk(0.36624 0.93076 0.28566 0.86749 1.00000 1.00000) = -10280.075958
GTR_Opt	freq 0.21812 0.28791 0.29134 0.20262 rates 0.36624 0.93076 0.28566 0.86884 0.50000 1.00000
GTR_Opt	GTR LogLk(0.36624 0.93076 0.28566 0.86884 0.50000 1.00000) = -10521.302916
GTR_Opt	freq 0.21812 0.28791 0.29134 0.20262 rates 0.36624 0.93076 0.28566 0.86884 1.00000 1.00000
GTR_Opt	GTR LogLk(0.36624 0.93076 0.28566 0.86884 1.00000 1.00000) = -10280.074632
GTR_Opt	freq 0.21812 0.28791 0.29134 0.20262 rates 0.36624 0.93076 0.28566 0.86884 2.00000 1.00000
GTR_Opt	GTR LogLk(0.36624 0.93076 0.28566 0.86884 2.00000 1.00000) = -10160.487579
GTR_Opt	freq 0.21812 0.28791 0.29134 0.20262 rates 0.36624 0.93076 0.28566 0.86884 11.00000 1.00000
GTR_Opt	GTR LogLk(0.36624 0.93076 0.28566 0.86884 11.00000 1.00000) = -10666.397672
GTR_Opt	freq 0.21812 0.28791 0.29134 0.20262 rates 0.36624 0.93076 0.28566 0.86884 4.81966 1.00000
GTR_Opt	GTR LogLk(0.36624 0.93076 0.28566 0.86884 4.81966 1.00000) = -10266.911778
GTR_Opt	freq 0.21812 0.28791 0.29134 0.20262 rates 0.36624 0.93076 0.28566 0.86884 2.92537 1.00000
GTR_Opt	GTR LogLk(0.36624 0.93076 0.28566 0.86884 2.92537 1.00000) = -10166.937449
GTR_Opt	freq 0.21812 0.28791 0.29134 0.20262 rates 0.36624 0.93076 0.28566 0.86884 2.96884 1.00000
GTR_Opt	GTR LogLk(0.36624 0.93076 0.28566 0.86884 2.96884 1.00000) = -10168.362890
GTR_Opt	freq 0.21812 0.28791 0.29134 0.20262 rates 0.36624 0.93076 0.28566 0.86884 2.18994 1.00000
GTR_Opt	GTR LogLk(0.36624 0.93076 0.28566 0.86884 2.18994 1.00000) = -10156.882285
GTR_Opt	freq 0.21812 0.28791 0.29134 0.20262 rates 0.36624 0.93076 0.28566 0.86884 2.27917 1.00000
GTR_Opt	GTR LogLk(0.36624 0.93076 0.28566 0.86884 2.27917 1.00000) = -10156.290056
GTR_Opt	freq 0.21812 0.28791 0.29134 0.20262 rates 0.36624 0.93076 0.28566 0.86884 2.34015 1.00000
GTR_Opt	GTR LogLk(0.36624 0.93076 0.28566 0.86884 2.34015 1.00000) = -10156.238308
GTR_Opt	freq 0.21812 0.28791 0.29134 0.20262 rates 0.36624 0.93076 0.28566 0.86884 2.32067 1.00000
GTR_Opt	GTR LogLk(0.36624 0.93076 0.28566 0.86884 2.32067 1.00000) = -10156.225204
GTR_Opt	freq 0.21812 0.28791 0.29134 0.20262 rates 0.36624 0.93076 0.28566 0.86884 2.32299 1.00000
GTR_Opt	GTR LogLk(0.36624 0.93076 0.28566 0.86884 2.32299 1.00000) = -10156.225359
GTR_Opt	freq 0.21812 0.28791 0.29134 0.20262 rates 0.36624 0.93076 0.28566 0.86884 2.31835 1.00000
GTR_Opt	GTR LogLk(0.36624 0.93076 0.28566 0.86884 2.31835 1.00000) = -10156.225623
GTR_Opt	freq 0.21812 0.28791 0.29134 0.20262 rates 0.36624 0.93076 0.28566 0.86884 2.32067 0.50000
GTR_Opt	GTR LogLk(0.36624 0.93076 0.28566 0.86884 2.32067 0.50000) = -10099.581210
GTR_Opt	freq 0.21812 0.28791 0.29134 0.20262 rates 0.36624 0.93076 0.28566 0.86884 2.32067 1.00000
GTR_Opt	GTR LogLk(0.36624 0.93076 0.28566 0.86884 2.32067 1.00000) = -10156.225204
GTR_Opt	freq 0.21812 0.28791 0.29134 0.20262 rates 0.36624 0.93076 0.28566 0.86884 2.32067 2.00000
GTR_Opt	GTR LogLk(0.36624 0.93076 0.28566 0.86884 2.32067 2.00000) = -10318.966887
GTR_Opt	freq 0.21812 0.28791 0.29134 0.20262 rates 0.36624 0.93076 0.28566 0.86884 2.32067 0.27500
GTR_Opt	GTR LogLk(0.36624 0.93076 0.28566 0.86884 2.32067 0.27500) = -10098.941241
GTR_Opt	freq 0.21812 0.28791 0.29134 0.20262 rates 0.36624 0.93076 0.28566 0.86884 2.32067 0.16250
GTR_Opt	GTR LogLk(0.36624 0.93076 0.28566 0.86884 2.32067 0.16250) = -10116.380667
GTR_Opt	freq 0.21812 0.28791 0.29134 0.20262 rates 0.36624 0.93076 0.28566 0.86884 2.32067 0.10625
GTR_Opt	GTR LogLk(0.36624 0.93076 0.28566 0.86884 2.32067 0.10625) = -10135.335170
GTR_Opt	freq 0.21812 0.28791 0.29134 0.20262 rates 0.36624 0.93076 0.28566 0.86884 2.32067 0.05000
GTR_Opt	GTR LogLk(0.36624 0.93076 0.28566 0.86884 2.32067 0.05000) = -10168.781117
GTR_Opt	freq 0.21812 0.28791 0.29134 0.20262 rates 0.36624 0.93076 0.28566 0.86884 2.32067 1.38197
GTR_Opt	GTR LogLk(0.36624 0.93076 0.28566 0.86884 2.32067 1.38197) = -10215.648232
GTR_Opt	freq 0.21812 0.28791 0.29134 0.20262 rates 0.36624 0.93076 0.28566 0.86884 2.32067 0.57715
GTR_Opt	GTR LogLk(0.36624 0.93076 0.28566 0.86884 2.32067 0.57715) = -10105.143365
GTR_Opt	freq 0.21812 0.28791 0.29134 0.20262 rates 0.36624 0.93076 0.28566 0.86884 2.32067 0.55099
GTR_Opt	GTR LogLk(0.36624 0.93076 0.28566 0.86884 2.32067 0.55099) = -10103.055580
GTR_Opt	freq 0.21812 0.28791 0.29134 0.20262 rates 0.36624 0.93076 0.28566 0.86884 2.32067 0.35963
GTR_Opt	GTR LogLk(0.36624 0.93076 0.28566 0.86884 2.32067 0.35963) = -10095.496560
GTR_Opt	freq 0.21812 0.28791 0.29134 0.20262 rates 0.36624 0.93076 0.28566 0.86884 2.32067 0.34876
GTR_Opt	GTR LogLk(0.36624 0.93076 0.28566 0.86884 2.32067 0.34876) = -10095.627047
GTR_Opt	freq 0.21812 0.28791 0.29134 0.20262 rates 0.36624 0.93076 0.28566 0.86884 2.32067 0.37776
GTR_Opt	GTR LogLk(0.36624 0.93076 0.28566 0.86884 2.32067 0.37776) = -10095.449635
GTR_Opt	freq 0.21812 0.28791 0.29134 0.20262 rates 0.36624 0.93076 0.28566 0.86884 2.32067 0.37268
GTR_Opt	GTR LogLk(0.36624 0.93076 0.28566 0.86884 2.32067 0.37268) = -10095.441862
GTR_Opt	freq 0.21812 0.28791 0.29134 0.20262 rates 0.36624 0.93076 0.28566 0.86884 2.32067 0.37306
GTR_Opt	GTR LogLk(0.36624 0.93076 0.28566 0.86884 2.32067 0.37306) = -10095.441684
GTR_Opt	freq 0.21812 0.28791 0.29134 0.20262 rates 0.36624 0.93076 0.28566 0.86884 2.32067 0.37343
GTR_Opt	GTR LogLk(0.36624 0.93076 0.28566 0.86884 2.32067 0.37343) = -10095.442254
GTR_Opt	freq 0.21812 0.28791 0.29134 0.20262 rates 0.18312 0.93076 0.28566 0.86884 2.32067 0.37306
GTR_Opt	GTR LogLk(0.18312 0.93076 0.28566 0.86884 2.32067 0.37306) = -10117.444106
GTR_Opt	freq 0.21812 0.28791 0.29134 0.20262 rates 0.36624 0.93076 0.28566 0.86884 2.32067 0.37306
GTR_Opt	GTR LogLk(0.36624 0.93076 0.28566 0.86884 2.32067 0.37306) = -10095.441684
GTR_Opt	freq 0.21812 0.28791 0.29134 0.20262 rates 0.73249 0.93076 0.28566 0.86884 2.32067 0.37306
GTR_Opt	GTR LogLk(0.73249 0.93076 0.28566 0.86884 2.32067 0.37306) = -10124.416604
GTR_Opt	freq 0.21812 0.28791 0.29134 0.20262 rates 0.50614 0.93076 0.28566 0.86884 2.32067 0.37306
GTR_Opt	GTR LogLk(0.50614 0.93076 0.28566 0.86884 2.32067 0.37306) = -10100.284572
GTR_Opt	freq 0.21812 0.28791 0.29134 0.20262 rates 0.40006 0.93076 0.28566 0.86884 2.32067 0.37306
GTR_Opt	GTR LogLk(0.40006 0.93076 0.28566 0.86884 2.32067 0.37306) = -10095.525314
GTR_Opt	freq 0.21812 0.28791 0.29134 0.20262 rates 0.37907 0.93076 0.28566 0.86884 2.32067 0.37306
GTR_Opt	GTR LogLk(0.37907 0.93076 0.28566 0.86884 2.32067 0.37306) = -10095.374253
GTR_Opt	freq 0.21812 0.28791 0.29134 0.20262 rates 0.37980 0.93076 0.28566 0.86884 2.32067 0.37306
GTR_Opt	GTR LogLk(0.37980 0.93076 0.28566 0.86884 2.32067 0.37306) = -10095.374005
GTR_Opt	freq 0.21812 0.28791 0.29134 0.20262 rates 0.38017 0.93076 0.28566 0.86884 2.32067 0.37306
GTR_Opt	GTR LogLk(0.38017 0.93076 0.28566 0.86884 2.32067 0.37306) = -10095.374415
GTR_Opt	freq 0.21812 0.28791 0.29134 0.20262 rates 0.37980 0.46538 0.28566 0.86884 2.32067 0.37306
GTR_Opt	GTR LogLk(0.37980 0.46538 0.28566 0.86884 2.32067 0.37306) = -10146.451754
GTR_Opt	freq 0.21812 0.28791 0.29134 0.20262 rates 0.37980 0.93076 0.28566 0.86884 2.32067 0.37306
GTR_Opt	GTR LogLk(0.37980 0.93076 0.28566 0.86884 2.32067 0.37306) = -10095.374005
GTR_Opt	freq 0.21812 0.28791 0.29134 0.20262 rates 0.37980 1.86151 0.28566 0.86884 2.32067 0.37306
GTR_Opt	GTR LogLk(0.37980 1.86151 0.28566 0.86884 2.32067 0.37306) = -10169.930339
GTR_Opt	freq 0.21812 0.28791 0.29134 0.20262 rates 0.37980 1.28627 0.28566 0.86884 2.32067 0.37306
GTR_Opt	GTR LogLk(0.37980 1.28627 0.28566 0.86884 2.32067 0.37306) = -10111.219635
GTR_Opt	freq 0.21812 0.28791 0.29134 0.20262 rates 0.37980 0.98997 0.28566 0.86884 2.32067 0.37306
GTR_Opt	GTR LogLk(0.37980 0.98997 0.28566 0.86884 2.32067 0.37306) = -10096.114023
GTR_Opt	freq 0.21812 0.28791 0.29134 0.20262 rates 0.37980 0.90264 0.28566 0.86884 2.32067 0.37306
GTR_Opt	GTR LogLk(0.37980 0.90264 0.28566 0.86884 2.32067 0.37306) = -10095.378776
GTR_Opt	freq 0.21812 0.28791 0.29134 0.20262 rates 0.37980 0.91728 0.28566 0.86884 2.32067 0.37306
GTR_Opt	GTR LogLk(0.37980 0.91728 0.28566 0.86884 2.32067 0.37306) = -10095.345894
GTR_Opt	freq 0.21812 0.28791 0.29134 0.20262 rates 0.37980 0.91637 0.28566 0.86884 2.32067 0.37306
GTR_Opt	GTR LogLk(0.37980 0.91637 0.28566 0.86884 2.32067 0.37306) = -10095.346175
GTR_Opt	freq 0.21812 0.28791 0.29134 0.20262 rates 0.37980 0.91820 0.28566 0.86884 2.32067 0.37306
GTR_Opt	GTR LogLk(0.37980 0.91820 0.28566 0.86884 2.32067 0.37306) = -10095.346198
GTR_Opt	freq 0.21812 0.28791 0.29134 0.20262 rates 0.37980 0.91728 0.14283 0.86884 2.32067 0.37306
GTR_Opt	GTR LogLk(0.37980 0.91728 0.14283 0.86884 2.32067 0.37306) = -10111.230671
GTR_Opt	freq 0.21812 0.28791 0.29134 0.20262 rates 0.37980 0.91728 0.28566 0.86884 2.32067 0.37306
GTR_Opt	GTR LogLk(0.37980 0.91728 0.28566 0.86884 2.32067 0.37306) = -10095.345894
GTR_Opt	freq 0.21812 0.28791 0.29134 0.20262 rates 0.37980 0.91728 0.57132 0.86884 2.32067 0.37306
GTR_Opt	GTR LogLk(0.37980 0.91728 0.57132 0.86884 2.32067 0.37306) = -10106.707376
GTR_Opt	freq 0.21812 0.28791 0.29134 0.20262 rates 0.37980 0.91728 0.39477 0.86884 2.32067 0.37306
GTR_Opt	GTR LogLk(0.37980 0.91728 0.39477 0.86884 2.32067 0.37306) = -10095.845175
GTR_Opt	freq 0.21812 0.28791 0.29134 0.20262 rates 0.37980 0.91728 0.32874 0.86884 2.32067 0.37306
GTR_Opt	GTR LogLk(0.37980 0.91728 0.32874 0.86884 2.32067 0.37306) = -10094.721153
GTR_Opt	freq 0.21812 0.28791 0.29134 0.20262 rates 0.37980 0.91728 0.33230 0.86884 2.32067 0.37306
GTR_Opt	GTR LogLk(0.37980 0.91728 0.33230 0.86884 2.32067 0.37306) = -10094.723110
GTR_Opt	freq 0.21812 0.28791 0.29134 0.20262 rates 0.37980 0.91728 0.32967 0.86884 2.32067 0.37306
GTR_Opt	GTR LogLk(0.37980 0.91728 0.32967 0.86884 2.32067 0.37306) = -10094.720796
GTR_Opt	freq 0.21812 0.28791 0.29134 0.20262 rates 0.37980 0.91728 0.33000 0.86884 2.32067 0.37306
GTR_Opt	GTR LogLk(0.37980 0.91728 0.33000 0.86884 2.32067 0.37306) = -10094.721213
GTR_Opt	freq 0.21812 0.28791 0.29134 0.20262 rates 0.37980 0.91728 0.32934 0.86884 2.32067 0.37306
GTR_Opt	GTR LogLk(0.37980 0.91728 0.32934 0.86884 2.32067 0.37306) = -10094.720922
GTR_Opt	freq 0.21812 0.28791 0.29134 0.20262 rates 0.37980 0.91728 0.32967 0.43442 2.32067 0.37306
GTR_Opt	GTR LogLk(0.37980 0.91728 0.32967 0.43442 2.32067 0.37306) = -10197.017294
GTR_Opt	freq 0.21812 0.28791 0.29134 0.20262 rates 0.37980 0.91728 0.32967 0.86884 2.32067 0.37306
GTR_Opt	GTR LogLk(0.37980 0.91728 0.32967 0.86884 2.32067 0.37306) = -10094.720796
GTR_Opt	freq 0.21812 0.28791 0.29134 0.20262 rates 0.37980 0.91728 0.32967 1.73768 2.32067 0.37306
GTR_Opt	GTR LogLk(0.37980 0.91728 0.32967 1.73768 2.32067 0.37306) = -10130.982167
GTR_Opt	freq 0.21812 0.28791 0.29134 0.20262 rates 0.37980 0.91728 0.32967 1.20071 2.32067 0.37306
GTR_Opt	GTR LogLk(0.37980 0.91728 0.32967 1.20071 2.32067 0.37306) = -10090.901685
GTR_Opt	freq 0.21812 0.28791 0.29134 0.20262 rates 0.37980 0.91728 0.32967 1.09281 2.32067 0.37306
GTR_Opt	GTR LogLk(0.37980 0.91728 0.32967 1.09281 2.32067 0.37306) = -10088.535759
GTR_Opt	freq 0.21812 0.28791 0.29134 0.20262 rates 0.37980 0.91728 0.32967 1.07332 2.32067 0.37306
GTR_Opt	GTR LogLk(0.37980 0.91728 0.32967 1.07332 2.32067 0.37306) = -10088.421201
GTR_Opt	freq 0.21812 0.28791 0.29134 0.20262 rates 0.37980 0.91728 0.32967 1.05973 2.32067 0.37306
GTR_Opt	GTR LogLk(0.37980 0.91728 0.32967 1.05973 2.32067 0.37306) = -10088.403534
GTR_Opt	freq 0.21812 0.28791 0.29134 0.20262 rates 0.37980 0.91728 0.32967 1.06183 2.32067 0.37306
GTR_Opt	GTR LogLk(0.37980 0.91728 0.32967 1.06183 2.32067 0.37306) = -10088.403202
GTR_Opt	freq 0.21812 0.28791 0.29134 0.20262 rates 0.37980 0.91728 0.32967 1.06289 2.32067 0.37306
GTR_Opt	GTR LogLk(0.37980 0.91728 0.32967 1.06289 2.32067 0.37306) = -10088.402999
GTR_Opt	freq 0.21812 0.28791 0.29134 0.20262 rates 0.37980 0.91728 0.32967 1.06687 2.32067 0.37306
GTR_Opt	GTR LogLk(0.37980 0.91728 0.32967 1.06687 2.32067 0.37306) = -10088.406126
GTR_Opt	freq 0.21812 0.28791 0.29134 0.20262 rates 0.37980 0.91728 0.32967 1.06441 2.32067 0.37306
GTR_Opt	GTR LogLk(0.37980 0.91728 0.32967 1.06441 2.32067 0.37306) = -10088.403674
GTR_Opt	freq 0.21812 0.28791 0.29134 0.20262 rates 0.37980 0.91728 0.32967 1.06289 1.16033 0.37306
GTR_Opt	GTR LogLk(0.37980 0.91728 0.32967 1.06289 1.16033 0.37306) = -10158.715118
GTR_Opt	freq 0.21812 0.28791 0.29134 0.20262 rates 0.37980 0.91728 0.32967 1.06289 2.32067 0.37306
GTR_Opt	GTR LogLk(0.37980 0.91728 0.32967 1.06289 2.32067 0.37306) = -10088.402999
GTR_Opt	freq 0.21812 0.28791 0.29134 0.20262 rates 0.37980 0.91728 0.32967 1.06289 4.64134 0.37306
GTR_Opt	GTR LogLk(0.37980 0.91728 0.32967 1.06289 4.64134 0.37306) = -10210.329305
GTR_Opt	freq 0.21812 0.28791 0.29134 0.20262 rates 0.37980 0.91728 0.32967 1.06289 3.20708 0.37306
GTR_Opt	GTR LogLk(0.37980 0.91728 0.32967 1.06289 3.20708 0.37306) = -10119.467433
GTR_Opt	freq 0.21812 0.28791 0.29134 0.20262 rates 0.37980 0.91728 0.32967 1.06289 2.38889 0.37306
GTR_Opt	GTR LogLk(0.37980 0.91728 0.32967 1.06289 2.38889 0.37306) = -10089.403695
GTR_Opt	freq 0.21812 0.28791 0.29134 0.20262 rates 0.37980 0.91728 0.32967 1.06289 2.06029 0.37306
GTR_Opt	GTR LogLk(0.37980 0.91728 0.32967 1.06289 2.06029 0.37306) = -10087.838435
GTR_Opt	freq 0.21812 0.28791 0.29134 0.20262 rates 0.37980 0.91728 0.32967 1.06289 1.71654 0.37306
GTR_Opt	GTR LogLk(0.37980 0.91728 0.32967 1.06289 1.71654 0.37306) = -10097.674611
GTR_Opt	freq 0.21812 0.28791 0.29134 0.20262 rates 0.37980 0.91728 0.32967 1.06289 2.16198 0.37306
GTR_Opt	GTR LogLk(0.37980 0.91728 0.32967 1.06289 2.16198 0.37306) = -10087.386881
GTR_Opt	freq 0.21812 0.28791 0.29134 0.20262 rates 0.37980 0.91728 0.32967 1.06289 2.16445 0.37306
GTR_Opt	GTR LogLk(0.37980 0.91728 0.32967 1.06289 2.16445 0.37306) = -10087.387192
GTR_Opt	freq 0.21812 0.28791 0.29134 0.20262 rates 0.37980 0.91728 0.32967 1.06289 2.15982 0.37306
GTR_Opt	GTR LogLk(0.37980 0.91728 0.32967 1.06289 2.15982 0.37306) = -10087.386620
GTR_Opt	freq 0.21812 0.28791 0.29134 0.20262 rates 0.37980 0.91728 0.32967 1.06289 2.12180 0.37306
GTR_Opt	GTR LogLk(0.37980 0.91728 0.32967 1.06289 2.12180 0.37306) = -10087.453568
GTR_Opt	freq 0.21812 0.28791 0.29134 0.20262 rates 0.37980 0.91728 0.32967 1.06289 2.14530 0.37306
GTR_Opt	GTR LogLk(0.37980 0.91728 0.32967 1.06289 2.14530 0.37306) = -10087.397537
GTR_Opt	freq 0.21812 0.28791 0.29134 0.20262 rates 0.37980 0.91728 0.32967 1.06289 2.15427 0.37306
GTR_Opt	GTR LogLk(0.37980 0.91728 0.32967 1.06289 2.15427 0.37306) = -10087.388749
GTR_Opt	freq 0.21812 0.28791 0.29134 0.20262 rates 0.37980 0.91728 0.32967 1.06289 2.15766 0.37306
GTR_Opt	GTR LogLk(0.37980 0.91728 0.32967 1.06289 2.15766 0.37306) = -10087.387194
GTR_Opt	freq 0.21812 0.28791 0.29134 0.20262 rates 0.37980 0.91728 0.32967 1.06289 2.15982 0.18653
GTR_Opt	GTR LogLk(0.37980 0.91728 0.32967 1.06289 2.15982 0.18653) = -10102.167459
GTR_Opt	freq 0.21812 0.28791 0.29134 0.20262 rates 0.37980 0.91728 0.32967 1.06289 2.15982 0.37306
GTR_Opt	GTR LogLk(0.37980 0.91728 0.32967 1.06289 2.15982 0.37306) = -10087.386620
GTR_Opt	freq 0.21812 0.28791 0.29134 0.20262 rates 0.37980 0.91728 0.32967 1.06289 2.15982 0.74611
GTR_Opt	GTR LogLk(0.37980 0.91728 0.32967 1.06289 2.15982 0.74611) = -10113.538806
GTR_Opt	freq 0.21812 0.28791 0.29134 0.20262 rates 0.37980 0.91728 0.32967 1.06289 2.15982 0.51555
GTR_Opt	GTR LogLk(0.37980 0.91728 0.32967 1.06289 2.15982 0.51555) = -10092.330286
GTR_Opt	freq 0.21812 0.28791 0.29134 0.20262 rates 0.37980 0.91728 0.32967 1.06289 2.15982 0.39421
GTR_Opt	GTR LogLk(0.37980 0.91728 0.32967 1.06289 2.15982 0.39421) = -10087.518900
GTR_Opt	freq 0.21812 0.28791 0.29134 0.20262 rates 0.37980 0.91728 0.32967 1.06289 2.15982 0.37029
GTR_Opt	GTR LogLk(0.37980 0.91728 0.32967 1.06289 2.15982 0.37029) = -10087.388531
GTR_Opt	freq 0.21812 0.28791 0.29134 0.20262 rates 0.37980 0.91728 0.32967 1.06289 2.15982 0.37268
GTR_Opt	GTR LogLk(0.37980 0.91728 0.32967 1.06289 2.15982 0.37268) = -10087.386730
GTR_Opt	freq 0.21812 0.28791 0.29134 0.20262 rates 0.37980 0.91728 0.32967 1.06289 2.15982 0.37377
GTR_Opt	GTR LogLk(0.37980 0.91728 0.32967 1.06289 2.15982 0.37377) = -10087.387108
GTRFreq	0.2181	0.2879	0.2913	0.2026
GTRRates	1.0181	2.4588	0.8837	2.8492	5.7895	1.0000
NCategories	20
Rates 0.063733 0.087360 0.119747 0.164140 0.224991 0.308400 0.422732 0.579450 0.794267 1.088722 1.492340 2.045588 2.803940 3.843432 5.268291 7.221381 9.898533 13.568172 18.598242 25.493086
SiteCategories 10 11 10 10 11 9 9 8 10 8 11 8 8 8 8 8 10 8 8 12 9 11 8 8 8 11 8 8 12 8 8 12 8 8 8 8 8 12 11 8 12 8 9 10 8 8 8 8 10 10 9 8 12 9 8 12 8 8 9 8 8 8 8 8 11 8 9 12 11 8 9 9 10 12 9 9 13 9 11 13 11 9 12 11 7 13 7 8 12 9 7 13 11 10 12 9 7 12 8 10 12 9 10 11 11 10 13 11 7 12 7 8 11 7 7 13 9 9 12 7 8 8 10 10 10 8 8 10 9 7 11 8 7 8 8 8 12 9 7 12 10 11 12 7 7 12 8 8 10 7 7 10 10 7 11 8 8 10 8 7 11 8 8 10 8 8 9 7 8 10 9 8 11 8 7 12 8 7 11 8 7 11 8 9 12 11 7 11 8 11 12 8 7 8 11 7 11 7 8 8 8 8 12 9 9 13 8 7 13 9 10 12 8 7 13 9 7 11 8 8 11 7 8 10 8 8 10 8 8 10 8 8 11 7 8 11 10 7 13 8 9 13 7 8 9 8 7 9 11 7 12 8 8 12 8 8 12 9 7 13 7 8 11 7 8 12 8 7 11 9 8 11 7 8 11 7 8 10 8 11 12 7 9 7 11 7 10 8 8 12 9 8 11 7 8 10 7 12 11 11 7 12 8 8 11 9 8 12 10 11 10 7 8 13 8 8 11 9 7 11 8 7 12 8 8 12 7 8 12 8 8 11 8 8 11 8 7 13 7 8 11 9 8 10 8 7 11 7 8 13 10 7 12 9 7 10 8 8 12 7 7 12 10 7 10 7 8 8 8 8 11 8 8 11 8 7 8 8 8 10 7 8 10 8 7 11 7 7 11 10 7 12 8 8 10 8 8 11 7 7 10 8 7 12 7 7 7 8 8 9 8 8 11 8 7 12 8 9 12 8 8 11 7 8 11 7 7 12 12 9 7 8 8 12 9 7 11 7 8 12 11 7 13 8 9 12 8 8 12 8 8 12 8 7 11 7 8 10 7 7 9 8 7 9 8 8 11 7 7 13 12 7 9 8 7 10 8 7 13 8 7 13 12 7 12 8 7 10 8 8 11 7 8 8 8 7 13 11 7 11 8 7 9 8 8 11 8 8 7 8 8 11 8 8 12 8 7 9 8 7 11 7 7 10 8 7 12 8 7 10 7 7 10 10 7 12 7 7 11 9 7 12 8 8 11 8 7 11 8 8 10 8 8 12 10 7 12 7 8 12 7 8 11 8 7 8 8 7 12 8 8 10 8 8 11 7 8 11 7 8 9 8 7 12 9 7 13 8 7 13 7 7 11 8 7 10 8 7 10 10 8 10 8 8 11 9 10 11 8 7 13 12 7 12 10 9 11 8 8 12 7 9 10 11 7 13 8 8 10 8 7 11 8 8 11 11 7 10 8 8 9 8 8 12 8 7 12 7 7 9 7 8 8 8 7 11 7 8 10 7 8 9 8 8 12 7 8 12 7 7 10 8 7 12 7 7 12 9 10 12 11 7 12 8 8 11 9 9 10 11 7 11 7 7 9 8 8 12 7 8 12 8 8 10 9 9 11 10 8 10 8 9 9 8 8 12 8 8 10 8 8 8 8 8 13 8 8 8 8 8 12 8 10 11 8 8 11 10 8 8 10 8 10 8 8 12 8 8 8 8 8 11 8 8 11 9 9 11 9 10 11 9 8 9 8 8 11 9 8 12 10 8 10 9 9 8 9 8 11 8 9 12 8 9 13 10 8 12 8 9 12 9 8 12 9 10 12 9 9 11 9 9 12 12 9 13 10 9 12 9 9 12 10 12 12 10 10 11 11 8 12 11 10 12 9 10 11 8 8 12 10 8 12 12 12 12 8 10 10 9 8 11 8 8 11 9 9 9 8 8 12 9 9 12 8 9 11 9 8 11 9 8 11 9 10 11 11 8 13 12 9 12 9 8 12 8 8 11 8 8 12 11 8 11 8 8 8 8 8 10 10 9 9 8 8 11 8 8 11 10 9 10 8 8 11 11 8 12 12 10 13 9 8 10 8 8 11 9 9 12 12 11 12 9 8 12 8 8 12 10 10 10 9 10 11 8 8 8 8 9 9 8 8 9 9 9 12 8 8 11 9 8 11 8 8 13 8 8 13 8 8 8 9 9 11 8 10 11 9 10 11 8 8 9 8 8 9 8 8 10 10 8 11 9 10 11 10 10 12 8 8 12 8 8 8 10 10 12 9 10 12 9 9 12 8 8 10 8 9 10 8 8 11 8 8 11 8 8 13 11 11 11 11 11 11 8 8 12 8 8 10 11 8 13 8 8 12 11 9 10 12 12 12 8 8 8 9 8 11 12 9 11 11 10 11 10 8 9 9 10 12 8 8 11 10 10 12 9 8 11 8 8 12 11 8 9 8 8 11 8 8 9 9 9 13 8 8 12 8 8 12 8 8 12 8 8 8 8 8 10 9 9 11 8 8 10 11 10 13 10 9 12 9 9 10 8 8 10 10 8 11 9 9 12 9 9 11 10 8 12 10 9 11 9 8 11 9 8 13 8 10 12 8 8 11 9 12 9 8 8 9 8 8 9 12 8 10 8 10 11 8 8 11 9 8 11 9 8 11 8 9 11 8 8 11 11 8 13 8 8 8 8 8 9 8 8 10 9 8 12 8 8 8 8 8 10 11 8 10 12 10 12 8 8 11 8 8 10 10 8 11 8 8 11 8 8 10 10 10 11 8 8 10
ML_NNI2	(HE798550:0.09400,(AJ868418:0.05169,AJ458528:0.02919):0.01651,((((AB983338:0.09066,(M90050:0.00192,FR726170:0.00402):0.05163):0.06394,(AB900160:0.06820,((DQ295843:0.00610,AB253366:0.00975):0.12888,(DQ008382:0.07918,AB501286:0.09301):0.08932):0.09730):0.02405):0.08790,(ODS00093:0.08567,(FR686347:0.09835,(AJ555245:0.08554,AJ491848:0.05592):0.03281):0.03876):0.03066):0.09402,(DQ664498:0.06715,(LT934199:0.19769,AM283545:0.07302):0.02989):0.01384):0.00791);
TreeLogLk	ML_NNI2	-9054.3588	MaxChange	2.2711
ML_NNI3	(HE798550:0.09400,(AJ868418:0.05117,AJ458528:0.02965):0.01649,((((AB983338:0.09066,(M90050:0.00192,FR726170:0.00402):0.05163):0.06394,(AB900160:0.06820,((DQ295843:0.00610,AB253366:0.00975):0.12888,(DQ008382:0.07918,AB501286:0.09301):0.08932):0.09730):0.02405):0.08906,(ODS00093:0.08567,(FR686347:0.09835,(AJ555245:0.08554,AJ491848:0.05592):0.03281):0.03876):0.03160):0.09375,(DQ664498:0.06715,(LT934199:0.19769,AM283545:0.07302):0.03034):0.01382):0.00790);
TreeLogLk	ML_NNI3	-9054.3408	MaxChange	0.0000
Turning off heuristics for final round of ML NNIs (converged)
ML_NNI4	(HE798550:0.09400,(AJ868418:0.05122,AJ458528:0.02963):0.01644,((((AB983338:0.10674,(M90050:0.00209,FR726170:0.00385):0.04581):0.06500,(AB900160:0.07119,((DQ295843:0.00680,AB253366:0.00923):0.12269,(DQ008382:0.08356,AB501286:0.09936):0.08893):0.09831):0.02402):0.08926,(ODS00093:0.08939,(FR686347:0.10357,(AJ555245:0.09133,AJ491848:0.05572):0.03259):0.03784):0.03124):0.09380,(DQ664498:0.06708,(LT934199:0.19896,AM283545:0.07223):0.03062):0.01391):0.00791);
TreeLogLk	ML_NNI4	-9053.0512	MaxChange	0.0000
ML_Lengths2	(HE798550:0.09400,(AJ868418:0.05129,AJ458528:0.02956):0.01644,((((AB983338:0.10870,(M90050:0.00233,FR726170:0.00361):0.04486):0.06536,(AB900160:0.07112,((DQ295843:0.00693,AB253366:0.00919):0.12289,(DQ008382:0.08099,AB501286:0.10039):0.08893):0.09856):0.02393):0.08935,(ODS00093:0.08948,(FR686347:0.10370,(AJ555245:0.09148,AJ491848:0.05558):0.03249):0.03784):0.03121):0.09380,(DQ664498:0.06708,(LT934199:0.19896,AM283545:0.07216):0.03068):0.01391):0.00792);
TreeLogLk	ML_Lengths2	-9053.0119
Total time: 0.64 seconds Unique: 18/18 Bad splits: 0/15
Dist/N**2: by-profile 10.151 (out 0.478) by-leaf 0.809 avg-prof 6.975
Top hits: close neighbors 7/18 2nd-level 0 refreshes 2 Hill-climb: 0 Update-best: 5
NNI: 0 SPR: 0 ML-NNI: 4
Max-lk operations: lk 15957 posterior 4577 star-only 13
TreeCompleted
